2016-10-28 16:26:53 Debug: duration=1 rows=1 SELECT Buildings.id AS `Buildings__id`, Buildings.name AS `Buildings__name`, Buildings.capacity AS `Buildings__capacity` FROM buildings Buildings LIMIT 10 OFFSET 0
2016-10-28 16:26:53 Debug: duration=0 rows=1 SELECT (COUNT(*)) AS `count` FROM buildings Buildings
2016-10-28 16:37:15 Notice: Notice (8): Undefined variable: buildings in [/var/www/html/project/src/Template/Users/add.ctp, line 14]
Request URL: /users/add
Referer URL: http://178.62.44.213/users
Client IP: 194.66.75.123
Trace:
Cake\Error\BaseErrorHandler::handleError() - CORE/src/Error/BaseErrorHandler.php, line 146
include - APP/Template/Users/add.ctp, line 14
Cake\View\View::_evaluate() - CORE/src/View/View.php, line 1012
Cake\View\View::_render() - CORE/src/View/View.php, line 971
Cake\View\View::render() - CORE/src/View/View.php, line 595
Cake\Controller\Controller::render() - CORE/src/Controller/Controller.php, line 617
Crud\Controller\Component\CrudComponent::execute() - ROOT/vendor/friendsofcake/crud/src/Controller/Component/CrudComponent.php, line 246
App\Controller\AppController::invokeAction() - ROOT/vendor/friendsofcake/crud/src/Controller/ControllerTrait.php, line 56
Cake\Http\ActionDispatcher::_invoke() - CORE/src/Http/ActionDispatcher.php, line 122
Cake\Http\ActionDispatcher::dispatch() - CORE/src/Http/ActionDispatcher.php, line 96
Cake\Http\BaseApplication::__invoke() - CORE/src/Http/BaseApplication.php, line 83
Cake\Http\Runner::__invoke() - CORE/src/Http/Runner.php, line 65
Cake\Routing\Middleware\RoutingMiddleware::__invoke() - CORE/src/Routing/Middleware/RoutingMiddleware.php, line 62
Cake\Http\Runner::__invoke() - CORE/src/Http/Runner.php, line 65
Cake\Routing\Middleware\AssetMiddleware::__invoke() - CORE/src/Routing/Middleware/AssetMiddleware.php, line 88
Cake\Http\Runner::__invoke() - CORE/src/Http/Runner.php, line 65
Cake\Error\Middleware\ErrorHandlerMiddleware::__invoke() - CORE/src/Error/Middleware/ErrorHandlerMiddleware.php, line 81
Cake\Http\Runner::__invoke() - CORE/src/Http/Runner.php, line 65
Cake\Http\Runner::run() - CORE/src/Http/Runner.php, line 51
Cake\Http\Server::run() - CORE/src/Http/Server.php, line 92
[main] - ROOT/webroot/index.php, line 37



2016-10-28 17:41:51 Notice: Notice (8): Undefined variable: building in [/var/www/html/project/src/Template/Buildings/view.ctp, line 4]
Request URL: /buildings/view/1
Referer URL: http://178.62.44.213/buildings
Client IP: 194.66.75.123
Trace:
Cake\Error\BaseErrorHandler::handleError() - CORE/src/Error/BaseErrorHandler.php, line 146
include - APP/Template/Buildings/view.ctp, line 4
Cake\View\View::_evaluate() - CORE/src/View/View.php, line 1012
Cake\View\View::_render() - CORE/src/View/View.php, line 971
Cake\View\View::render() - CORE/src/View/View.php, line 595
Cake\Controller\Controller::render() - CORE/src/Controller/Controller.php, line 617
Cake\Http\ActionDispatcher::_invoke() - CORE/src/Http/ActionDispatcher.php, line 128
Cake\Http\ActionDispatcher::dispatch() - CORE/src/Http/ActionDispatcher.php, line 96
Cake\Http\BaseApplication::__invoke() - CORE/src/Http/BaseApplication.php, line 83
Cake\Http\Runner::__invoke() - CORE/src/Http/Runner.php, line 65
Cake\Routing\Middleware\RoutingMiddleware::__invoke() - CORE/src/Routing/Middleware/RoutingMiddleware.php, line 62
Cake\Http\Runner::__invoke() - CORE/src/Http/Runner.php, line 65
Cake\Routing\Middleware\AssetMiddleware::__invoke() - CORE/src/Routing/Middleware/AssetMiddleware.php, line 88
Cake\Http\Runner::__invoke() - CORE/src/Http/Runner.php, line 65
Cake\Error\Middleware\ErrorHandlerMiddleware::__invoke() - CORE/src/Error/Middleware/ErrorHandlerMiddleware.php, line 81
Cake\Http\Runner::__invoke() - CORE/src/Http/Runner.php, line 65
Cake\Http\Runner::run() - CORE/src/Http/Runner.php, line 51
Cake\Http\Server::run() - CORE/src/Http/Server.php, line 92
[main] - ROOT/webroot/index.php, line 37



2016-10-28 17:41:51 Notice: Notice (8): Trying to get property of non-object in [/var/www/html/project/src/Template/Buildings/view.ctp, line 4]
Request URL: /buildings/view/1
Referer URL: http://178.62.44.213/buildings
Client IP: 194.66.75.123
Trace:
Cake\Error\BaseErrorHandler::handleError() - CORE/src/Error/BaseErrorHandler.php, line 146
include - APP/Template/Buildings/view.ctp, line 4
Cake\View\View::_evaluate() - CORE/src/View/View.php, line 1012
Cake\View\View::_render() - CORE/src/View/View.php, line 971
Cake\View\View::render() - CORE/src/View/View.php, line 595
Cake\Controller\Controller::render() - CORE/src/Controller/Controller.php, line 617
Cake\Http\ActionDispatcher::_invoke() - CORE/src/Http/ActionDispatcher.php, line 128
Cake\Http\ActionDispatcher::dispatch() - CORE/src/Http/ActionDispatcher.php, line 96
Cake\Http\BaseApplication::__invoke() - CORE/src/Http/BaseApplication.php, line 83
Cake\Http\Runner::__invoke() - CORE/src/Http/Runner.php, line 65
Cake\Routing\Middleware\RoutingMiddleware::__invoke() - CORE/src/Routing/Middleware/RoutingMiddleware.php, line 62
Cake\Http\Runner::__invoke() - CORE/src/Http/Runner.php, line 65
Cake\Routing\Middleware\AssetMiddleware::__invoke() - CORE/src/Routing/Middleware/AssetMiddleware.php, line 88
Cake\Http\Runner::__invoke() - CORE/src/Http/Runner.php, line 65
Cake\Error\Middleware\ErrorHandlerMiddleware::__invoke() - CORE/src/Error/Middleware/ErrorHandlerMiddleware.php, line 81
Cake\Http\Runner::__invoke() - CORE/src/Http/Runner.php, line 65
Cake\Http\Runner::run() - CORE/src/Http/Runner.php, line 51
Cake\Http\Server::run() - CORE/src/Http/Server.php, line 92
[main] - ROOT/webroot/index.php, line 37



2016-10-28 17:41:51 Notice: Notice (8): Undefined variable: building in [/var/www/html/project/src/Template/Buildings/view.ctp, line 5]
Request URL: /buildings/view/1
Referer URL: http://178.62.44.213/buildings
Client IP: 194.66.75.123
Trace:
Cake\Error\BaseErrorHandler::handleError() - CORE/src/Error/BaseErrorHandler.php, line 146
include - APP/Template/Buildings/view.ctp, line 5
Cake\View\View::_evaluate() - CORE/src/View/View.php, line 1012
Cake\View\View::_render() - CORE/src/View/View.php, line 971
Cake\View\View::render() - CORE/src/View/View.php, line 595
Cake\Controller\Controller::render() - CORE/src/Controller/Controller.php, line 617
Cake\Http\ActionDispatcher::_invoke() - CORE/src/Http/ActionDispatcher.php, line 128
Cake\Http\ActionDispatcher::dispatch() - CORE/src/Http/ActionDispatcher.php, line 96
Cake\Http\BaseApplication::__invoke() - CORE/src/Http/BaseApplication.php, line 83
Cake\Http\Runner::__invoke() - CORE/src/Http/Runner.php, line 65
Cake\Routing\Middleware\RoutingMiddleware::__invoke() - CORE/src/Routing/Middleware/RoutingMiddleware.php, line 62
Cake\Http\Runner::__invoke() - CORE/src/Http/Runner.php, line 65
Cake\Routing\Middleware\AssetMiddleware::__invoke() - CORE/src/Routing/Middleware/AssetMiddleware.php, line 88
Cake\Http\Runner::__invoke() - CORE/src/Http/Runner.php, line 65
Cake\Error\Middleware\ErrorHandlerMiddleware::__invoke() - CORE/src/Error/Middleware/ErrorHandlerMiddleware.php, line 81
Cake\Http\Runner::__invoke() - CORE/src/Http/Runner.php, line 65
Cake\Http\Runner::run() - CORE/src/Http/Runner.php, line 51
Cake\Http\Server::run() - CORE/src/Http/Server.php, line 92
[main] - ROOT/webroot/index.php, line 37



2016-10-28 17:41:51 Notice: Notice (8): Trying to get property of non-object in [/var/www/html/project/src/Template/Buildings/view.ctp, line 5]
Request URL: /buildings/view/1
Referer URL: http://178.62.44.213/buildings
Client IP: 194.66.75.123
Trace:
Cake\Error\BaseErrorHandler::handleError() - CORE/src/Error/BaseErrorHandler.php, line 146
include - APP/Template/Buildings/view.ctp, line 5
Cake\View\View::_evaluate() - CORE/src/View/View.php, line 1012
Cake\View\View::_render() - CORE/src/View/View.php, line 971
Cake\View\View::render() - CORE/src/View/View.php, line 595
Cake\Controller\Controller::render() - CORE/src/Controller/Controller.php, line 617
Cake\Http\ActionDispatcher::_invoke() - CORE/src/Http/ActionDispatcher.php, line 128
Cake\Http\ActionDispatcher::dispatch() - CORE/src/Http/ActionDispatcher.php, line 96
Cake\Http\BaseApplication::__invoke() - CORE/src/Http/BaseApplication.php, line 83
Cake\Http\Runner::__invoke() - CORE/src/Http/Runner.php, line 65
Cake\Routing\Middleware\RoutingMiddleware::__invoke() - CORE/src/Routing/Middleware/RoutingMiddleware.php, line 62
Cake\Http\Runner::__invoke() - CORE/src/Http/Runner.php, line 65
Cake\Routing\Middleware\AssetMiddleware::__invoke() - CORE/src/Routing/Middleware/AssetMiddleware.php, line 88
Cake\Http\Runner::__invoke() - CORE/src/Http/Runner.php, line 65
Cake\Error\Middleware\ErrorHandlerMiddleware::__invoke() - CORE/src/Error/Middleware/ErrorHandlerMiddleware.php, line 81
Cake\Http\Runner::__invoke() - CORE/src/Http/Runner.php, line 65
Cake\Http\Runner::run() - CORE/src/Http/Runner.php, line 51
Cake\Http\Server::run() - CORE/src/Http/Server.php, line 92
[main] - ROOT/webroot/index.php, line 37



2016-10-28 17:41:51 Notice: Notice (8): Undefined variable: building in [/var/www/html/project/src/Template/Buildings/view.ctp, line 5]
Request URL: /buildings/view/1
Referer URL: http://178.62.44.213/buildings
Client IP: 194.66.75.123
Trace:
Cake\Error\BaseErrorHandler::handleError() - CORE/src/Error/BaseErrorHandler.php, line 146
include - APP/Template/Buildings/view.ctp, line 5
Cake\View\View::_evaluate() - CORE/src/View/View.php, line 1012
Cake\View\View::_render() - CORE/src/View/View.php, line 971
Cake\View\View::render() - CORE/src/View/View.php, line 595
Cake\Controller\Controller::render() - CORE/src/Controller/Controller.php, line 617
Cake\Http\ActionDispatcher::_invoke() - CORE/src/Http/ActionDispatcher.php, line 128
Cake\Http\ActionDispatcher::dispatch() - CORE/src/Http/ActionDispatcher.php, line 96
Cake\Http\BaseApplication::__invoke() - CORE/src/Http/BaseApplication.php, line 83
Cake\Http\Runner::__invoke() - CORE/src/Http/Runner.php, line 65
Cake\Routing\Middleware\RoutingMiddleware::__invoke() - CORE/src/Routing/Middleware/RoutingMiddleware.php, line 62
Cake\Http\Runner::__invoke() - CORE/src/Http/Runner.php, line 65
Cake\Routing\Middleware\AssetMiddleware::__invoke() - CORE/src/Routing/Middleware/AssetMiddleware.php, line 88
Cake\Http\Runner::__invoke() - CORE/src/Http/Runner.php, line 65
Cake\Error\Middleware\ErrorHandlerMiddleware::__invoke() - CORE/src/Error/Middleware/ErrorHandlerMiddleware.php, line 81
Cake\Http\Runner::__invoke() - CORE/src/Http/Runner.php, line 65
Cake\Http\Runner::run() - CORE/src/Http/Runner.php, line 51
Cake\Http\Server::run() - CORE/src/Http/Server.php, line 92
[main] - ROOT/webroot/index.php, line 37



2016-10-28 17:41:51 Notice: Notice (8): Trying to get property of non-object in [/var/www/html/project/src/Template/Buildings/view.ctp, line 5]
Request URL: /buildings/view/1
Referer URL: http://178.62.44.213/buildings
Client IP: 194.66.75.123
Trace:
Cake\Error\BaseErrorHandler::handleError() - CORE/src/Error/BaseErrorHandler.php, line 146
include - APP/Template/Buildings/view.ctp, line 5
Cake\View\View::_evaluate() - CORE/src/View/View.php, line 1012
Cake\View\View::_render() - CORE/src/View/View.php, line 971
Cake\View\View::render() - CORE/src/View/View.php, line 595
Cake\Controller\Controller::render() - CORE/src/Controller/Controller.php, line 617
Cake\Http\ActionDispatcher::_invoke() - CORE/src/Http/ActionDispatcher.php, line 128
Cake\Http\ActionDispatcher::dispatch() - CORE/src/Http/ActionDispatcher.php, line 96
Cake\Http\BaseApplication::__invoke() - CORE/src/Http/BaseApplication.php, line 83
Cake\Http\Runner::__invoke() - CORE/src/Http/Runner.php, line 65
Cake\Routing\Middleware\RoutingMiddleware::__invoke() - CORE/src/Routing/Middleware/RoutingMiddleware.php, line 62
Cake\Http\Runner::__invoke() - CORE/src/Http/Runner.php, line 65
Cake\Routing\Middleware\AssetMiddleware::__invoke() - CORE/src/Routing/Middleware/AssetMiddleware.php, line 88
Cake\Http\Runner::__invoke() - CORE/src/Http/Runner.php, line 65
Cake\Error\Middleware\ErrorHandlerMiddleware::__invoke() - CORE/src/Error/Middleware/ErrorHandlerMiddleware.php, line 81
Cake\Http\Runner::__invoke() - CORE/src/Http/Runner.php, line 65
Cake\Http\Runner::run() - CORE/src/Http/Runner.php, line 51
Cake\Http\Server::run() - CORE/src/Http/Server.php, line 92
[main] - ROOT/webroot/index.php, line 37



2016-10-28 17:41:51 Notice: Notice (8): Undefined variable: building in [/var/www/html/project/src/Template/Buildings/view.ctp, line 13]
Request URL: /buildings/view/1
Referer URL: http://178.62.44.213/buildings
Client IP: 194.66.75.123
Trace:
Cake\Error\BaseErrorHandler::handleError() - CORE/src/Error/BaseErrorHandler.php, line 146
include - APP/Template/Buildings/view.ctp, line 13
Cake\View\View::_evaluate() - CORE/src/View/View.php, line 1012
Cake\View\View::_render() - CORE/src/View/View.php, line 971
Cake\View\View::render() - CORE/src/View/View.php, line 595
Cake\Controller\Controller::render() - CORE/src/Controller/Controller.php, line 617
Cake\Http\ActionDispatcher::_invoke() - CORE/src/Http/ActionDispatcher.php, line 128
Cake\Http\ActionDispatcher::dispatch() - CORE/src/Http/ActionDispatcher.php, line 96
Cake\Http\BaseApplication::__invoke() - CORE/src/Http/BaseApplication.php, line 83
Cake\Http\Runner::__invoke() - CORE/src/Http/Runner.php, line 65
Cake\Routing\Middleware\RoutingMiddleware::__invoke() - CORE/src/Routing/Middleware/RoutingMiddleware.php, line 62
Cake\Http\Runner::__invoke() - CORE/src/Http/Runner.php, line 65
Cake\Routing\Middleware\AssetMiddleware::__invoke() - CORE/src/Routing/Middleware/AssetMiddleware.php, line 88
Cake\Http\Runner::__invoke() - CORE/src/Http/Runner.php, line 65
Cake\Error\Middleware\ErrorHandlerMiddleware::__invoke() - CORE/src/Error/Middleware/ErrorHandlerMiddleware.php, line 81
Cake\Http\Runner::__invoke() - CORE/src/Http/Runner.php, line 65
Cake\Http\Runner::run() - CORE/src/Http/Runner.php, line 51
Cake\Http\Server::run() - CORE/src/Http/Server.php, line 92
[main] - ROOT/webroot/index.php, line 37



2016-10-28 17:41:51 Notice: Notice (8): Trying to get property of non-object in [/var/www/html/project/src/Template/Buildings/view.ctp, line 13]
Request URL: /buildings/view/1
Referer URL: http://178.62.44.213/buildings
Client IP: 194.66.75.123
Trace:
Cake\Error\BaseErrorHandler::handleError() - CORE/src/Error/BaseErrorHandler.php, line 146
include - APP/Template/Buildings/view.ctp, line 13
Cake\View\View::_evaluate() - CORE/src/View/View.php, line 1012
Cake\View\View::_render() - CORE/src/View/View.php, line 971
Cake\View\View::render() - CORE/src/View/View.php, line 595
Cake\Controller\Controller::render() - CORE/src/Controller/Controller.php, line 617
Cake\Http\ActionDispatcher::_invoke() - CORE/src/Http/ActionDispatcher.php, line 128
Cake\Http\ActionDispatcher::dispatch() - CORE/src/Http/ActionDispatcher.php, line 96
Cake\Http\BaseApplication::__invoke() - CORE/src/Http/BaseApplication.php, line 83
Cake\Http\Runner::__invoke() - CORE/src/Http/Runner.php, line 65
Cake\Routing\Middleware\RoutingMiddleware::__invoke() - CORE/src/Routing/Middleware/RoutingMiddleware.php, line 62
Cake\Http\Runner::__invoke() - CORE/src/Http/Runner.php, line 65
Cake\Routing\Middleware\AssetMiddleware::__invoke() - CORE/src/Routing/Middleware/AssetMiddleware.php, line 88
Cake\Http\Runner::__invoke() - CORE/src/Http/Runner.php, line 65
Cake\Error\Middleware\ErrorHandlerMiddleware::__invoke() - CORE/src/Error/Middleware/ErrorHandlerMiddleware.php, line 81
Cake\Http\Runner::__invoke() - CORE/src/Http/Runner.php, line 65
Cake\Http\Runner::run() - CORE/src/Http/Runner.php, line 51
Cake\Http\Server::run() - CORE/src/Http/Server.php, line 92
[main] - ROOT/webroot/index.php, line 37



2016-10-28 17:41:51 Notice: Notice (8): Undefined variable: building in [/var/www/html/project/src/Template/Buildings/view.ctp, line 17]
Request URL: /buildings/view/1
Referer URL: http://178.62.44.213/buildings
Client IP: 194.66.75.123
Trace:
Cake\Error\BaseErrorHandler::handleError() - CORE/src/Error/BaseErrorHandler.php, line 146
include - APP/Template/Buildings/view.ctp, line 17
Cake\View\View::_evaluate() - CORE/src/View/View.php, line 1012
Cake\View\View::_render() - CORE/src/View/View.php, line 971
Cake\View\View::render() - CORE/src/View/View.php, line 595
Cake\Controller\Controller::render() - CORE/src/Controller/Controller.php, line 617
Cake\Http\ActionDispatcher::_invoke() - CORE/src/Http/ActionDispatcher.php, line 128
Cake\Http\ActionDispatcher::dispatch() - CORE/src/Http/ActionDispatcher.php, line 96
Cake\Http\BaseApplication::__invoke() - CORE/src/Http/BaseApplication.php, line 83
Cake\Http\Runner::__invoke() - CORE/src/Http/Runner.php, line 65
Cake\Routing\Middleware\RoutingMiddleware::__invoke() - CORE/src/Routing/Middleware/RoutingMiddleware.php, line 62
Cake\Http\Runner::__invoke() - CORE/src/Http/Runner.php, line 65
Cake\Routing\Middleware\AssetMiddleware::__invoke() - CORE/src/Routing/Middleware/AssetMiddleware.php, line 88
Cake\Http\Runner::__invoke() - CORE/src/Http/Runner.php, line 65
Cake\Error\Middleware\ErrorHandlerMiddleware::__invoke() - CORE/src/Error/Middleware/ErrorHandlerMiddleware.php, line 81
Cake\Http\Runner::__invoke() - CORE/src/Http/Runner.php, line 65
Cake\Http\Runner::run() - CORE/src/Http/Runner.php, line 51
Cake\Http\Server::run() - CORE/src/Http/Server.php, line 92
[main] - ROOT/webroot/index.php, line 37



2016-10-28 17:41:51 Notice: Notice (8): Trying to get property of non-object in [/var/www/html/project/src/Template/Buildings/view.ctp, line 17]
Request URL: /buildings/view/1
Referer URL: http://178.62.44.213/buildings
Client IP: 194.66.75.123
Trace:
Cake\Error\BaseErrorHandler::handleError() - CORE/src/Error/BaseErrorHandler.php, line 146
include - APP/Template/Buildings/view.ctp, line 17
Cake\View\View::_evaluate() - CORE/src/View/View.php, line 1012
Cake\View\View::_render() - CORE/src/View/View.php, line 971
Cake\View\View::render() - CORE/src/View/View.php, line 595
Cake\Controller\Controller::render() - CORE/src/Controller/Controller.php, line 617
Cake\Http\ActionDispatcher::_invoke() - CORE/src/Http/ActionDispatcher.php, line 128
Cake\Http\ActionDispatcher::dispatch() - CORE/src/Http/ActionDispatcher.php, line 96
Cake\Http\BaseApplication::__invoke() - CORE/src/Http/BaseApplication.php, line 83
Cake\Http\Runner::__invoke() - CORE/src/Http/Runner.php, line 65
Cake\Routing\Middleware\RoutingMiddleware::__invoke() - CORE/src/Routing/Middleware/RoutingMiddleware.php, line 62
Cake\Http\Runner::__invoke() - CORE/src/Http/Runner.php, line 65
Cake\Routing\Middleware\AssetMiddleware::__invoke() - CORE/src/Routing/Middleware/AssetMiddleware.php, line 88
Cake\Http\Runner::__invoke() - CORE/src/Http/Runner.php, line 65
Cake\Error\Middleware\ErrorHandlerMiddleware::__invoke() - CORE/src/Error/Middleware/ErrorHandlerMiddleware.php, line 81
Cake\Http\Runner::__invoke() - CORE/src/Http/Runner.php, line 65
Cake\Http\Runner::run() - CORE/src/Http/Runner.php, line 51
Cake\Http\Server::run() - CORE/src/Http/Server.php, line 92
[main] - ROOT/webroot/index.php, line 37



2016-10-28 17:41:51 Notice: Notice (8): Undefined variable: building in [/var/www/html/project/src/Template/Buildings/view.ctp, line 21]
Request URL: /buildings/view/1
Referer URL: http://178.62.44.213/buildings
Client IP: 194.66.75.123
Trace:
Cake\Error\BaseErrorHandler::handleError() - CORE/src/Error/BaseErrorHandler.php, line 146
include - APP/Template/Buildings/view.ctp, line 21
Cake\View\View::_evaluate() - CORE/src/View/View.php, line 1012
Cake\View\View::_render() - CORE/src/View/View.php, line 971
Cake\View\View::render() - CORE/src/View/View.php, line 595
Cake\Controller\Controller::render() - CORE/src/Controller/Controller.php, line 617
Cake\Http\ActionDispatcher::_invoke() - CORE/src/Http/ActionDispatcher.php, line 128
Cake\Http\ActionDispatcher::dispatch() - CORE/src/Http/ActionDispatcher.php, line 96
Cake\Http\BaseApplication::__invoke() - CORE/src/Http/BaseApplication.php, line 83
Cake\Http\Runner::__invoke() - CORE/src/Http/Runner.php, line 65
Cake\Routing\Middleware\RoutingMiddleware::__invoke() - CORE/src/Routing/Middleware/RoutingMiddleware.php, line 62
Cake\Http\Runner::__invoke() - CORE/src/Http/Runner.php, line 65
Cake\Routing\Middleware\AssetMiddleware::__invoke() - CORE/src/Routing/Middleware/AssetMiddleware.php, line 88
Cake\Http\Runner::__invoke() - CORE/src/Http/Runner.php, line 65
Cake\Error\Middleware\ErrorHandlerMiddleware::__invoke() - CORE/src/Error/Middleware/ErrorHandlerMiddleware.php, line 81
Cake\Http\Runner::__invoke() - CORE/src/Http/Runner.php, line 65
Cake\Http\Runner::run() - CORE/src/Http/Runner.php, line 51
Cake\Http\Server::run() - CORE/src/Http/Server.php, line 92
[main] - ROOT/webroot/index.php, line 37



2016-10-28 17:41:51 Notice: Notice (8): Trying to get property of non-object in [/var/www/html/project/src/Template/Buildings/view.ctp, line 21]
Request URL: /buildings/view/1
Referer URL: http://178.62.44.213/buildings
Client IP: 194.66.75.123
Trace:
Cake\Error\BaseErrorHandler::handleError() - CORE/src/Error/BaseErrorHandler.php, line 146
include - APP/Template/Buildings/view.ctp, line 21
Cake\View\View::_evaluate() - CORE/src/View/View.php, line 1012
Cake\View\View::_render() - CORE/src/View/View.php, line 971
Cake\View\View::render() - CORE/src/View/View.php, line 595
Cake\Controller\Controller::render() - CORE/src/Controller/Controller.php, line 617
Cake\Http\ActionDispatcher::_invoke() - CORE/src/Http/ActionDispatcher.php, line 128
Cake\Http\ActionDispatcher::dispatch() - CORE/src/Http/ActionDispatcher.php, line 96
Cake\Http\BaseApplication::__invoke() - CORE/src/Http/BaseApplication.php, line 83
Cake\Http\Runner::__invoke() - CORE/src/Http/Runner.php, line 65
Cake\Routing\Middleware\RoutingMiddleware::__invoke() - CORE/src/Routing/Middleware/RoutingMiddleware.php, line 62
Cake\Http\Runner::__invoke() - CORE/src/Http/Runner.php, line 65
Cake\Routing\Middleware\AssetMiddleware::__invoke() - CORE/src/Routing/Middleware/AssetMiddleware.php, line 88
Cake\Http\Runner::__invoke() - CORE/src/Http/Runner.php, line 65
Cake\Error\Middleware\ErrorHandlerMiddleware::__invoke() - CORE/src/Error/Middleware/ErrorHandlerMiddleware.php, line 81
Cake\Http\Runner::__invoke() - CORE/src/Http/Runner.php, line 65
Cake\Http\Runner::run() - CORE/src/Http/Runner.php, line 51
Cake\Http\Server::run() - CORE/src/Http/Server.php, line 92
[main] - ROOT/webroot/index.php, line 37



2016-10-28 17:41:51 Notice: Notice (8): Undefined variable: building in [/var/www/html/project/src/Template/Buildings/view.ctp, line 25]
Request URL: /buildings/view/1
Referer URL: http://178.62.44.213/buildings
Client IP: 194.66.75.123
Trace:
Cake\Error\BaseErrorHandler::handleError() - CORE/src/Error/BaseErrorHandler.php, line 146
include - APP/Template/Buildings/view.ctp, line 25
Cake\View\View::_evaluate() - CORE/src/View/View.php, line 1012
Cake\View\View::_render() - CORE/src/View/View.php, line 971
Cake\View\View::render() - CORE/src/View/View.php, line 595
Cake\Controller\Controller::render() - CORE/src/Controller/Controller.php, line 617
Cake\Http\ActionDispatcher::_invoke() - CORE/src/Http/ActionDispatcher.php, line 128
Cake\Http\ActionDispatcher::dispatch() - CORE/src/Http/ActionDispatcher.php, line 96
Cake\Http\BaseApplication::__invoke() - CORE/src/Http/BaseApplication.php, line 83
Cake\Http\Runner::__invoke() - CORE/src/Http/Runner.php, line 65
Cake\Routing\Middleware\RoutingMiddleware::__invoke() - CORE/src/Routing/Middleware/RoutingMiddleware.php, line 62
Cake\Http\Runner::__invoke() - CORE/src/Http/Runner.php, line 65
Cake\Routing\Middleware\AssetMiddleware::__invoke() - CORE/src/Routing/Middleware/AssetMiddleware.php, line 88
Cake\Http\Runner::__invoke() - CORE/src/Http/Runner.php, line 65
Cake\Error\Middleware\ErrorHandlerMiddleware::__invoke() - CORE/src/Error/Middleware/ErrorHandlerMiddleware.php, line 81
Cake\Http\Runner::__invoke() - CORE/src/Http/Runner.php, line 65
Cake\Http\Runner::run() - CORE/src/Http/Runner.php, line 51
Cake\Http\Server::run() - CORE/src/Http/Server.php, line 92
[main] - ROOT/webroot/index.php, line 37



2016-10-28 17:41:51 Notice: Notice (8): Trying to get property of non-object in [/var/www/html/project/src/Template/Buildings/view.ctp, line 25]
Request URL: /buildings/view/1
Referer URL: http://178.62.44.213/buildings
Client IP: 194.66.75.123
Trace:
Cake\Error\BaseErrorHandler::handleError() - CORE/src/Error/BaseErrorHandler.php, line 146
include - APP/Template/Buildings/view.ctp, line 25
Cake\View\View::_evaluate() - CORE/src/View/View.php, line 1012
Cake\View\View::_render() - CORE/src/View/View.php, line 971
Cake\View\View::render() - CORE/src/View/View.php, line 595
Cake\Controller\Controller::render() - CORE/src/Controller/Controller.php, line 617
Cake\Http\ActionDispatcher::_invoke() - CORE/src/Http/ActionDispatcher.php, line 128
Cake\Http\ActionDispatcher::dispatch() - CORE/src/Http/ActionDispatcher.php, line 96
Cake\Http\BaseApplication::__invoke() - CORE/src/Http/BaseApplication.php, line 83
Cake\Http\Runner::__invoke() - CORE/src/Http/Runner.php, line 65
Cake\Routing\Middleware\RoutingMiddleware::__invoke() - CORE/src/Routing/Middleware/RoutingMiddleware.php, line 62
Cake\Http\Runner::__invoke() - CORE/src/Http/Runner.php, line 65
Cake\Routing\Middleware\AssetMiddleware::__invoke() - CORE/src/Routing/Middleware/AssetMiddleware.php, line 88
Cake\Http\Runner::__invoke() - CORE/src/Http/Runner.php, line 65
Cake\Error\Middleware\ErrorHandlerMiddleware::__invoke() - CORE/src/Error/Middleware/ErrorHandlerMiddleware.php, line 81
Cake\Http\Runner::__invoke() - CORE/src/Http/Runner.php, line 65
Cake\Http\Runner::run() - CORE/src/Http/Runner.php, line 51
Cake\Http\Server::run() - CORE/src/Http/Server.php, line 92
[main] - ROOT/webroot/index.php, line 37



2017-02-15 11:13:01 Notice: Notice (8): Array to string conversion in [/var/www/html/project/src/Template/Buildings/index.ctp, line 25]
Request URL: /buildings
Referer URL: http://178.62.44.213/users
Client IP: 194.66.78.125
Trace:
Cake\Error\BaseErrorHandler::handleError() - CORE/src/Error/BaseErrorHandler.php, line 146
include - APP/Template/Buildings/index.ctp, line 25
Cake\View\View::_evaluate() - CORE/src/View/View.php, line 1012
Cake\View\View::_render() - CORE/src/View/View.php, line 971
Cake\View\View::render() - CORE/src/View/View.php, line 595
Cake\Controller\Controller::render() - CORE/src/Controller/Controller.php, line 617
Crud\Controller\Component\CrudComponent::execute() - ROOT/vendor/friendsofcake/crud/src/Controller/Component/CrudComponent.php, line 246
App\Controller\BuildingsController::index() - APP/Controller/BuildingsController.php, line 21
App\Controller\AppController::invokeAction() - ROOT/vendor/friendsofcake/crud/src/Controller/ControllerTrait.php, line 51
Cake\Http\ActionDispatcher::_invoke() - CORE/src/Http/ActionDispatcher.php, line 122
Cake\Http\ActionDispatcher::dispatch() - CORE/src/Http/ActionDispatcher.php, line 96
Cake\Http\BaseApplication::__invoke() - CORE/src/Http/BaseApplication.php, line 83
Cake\Http\Runner::__invoke() - CORE/src/Http/Runner.php, line 65
Cake\Routing\Middleware\RoutingMiddleware::__invoke() - CORE/src/Routing/Middleware/RoutingMiddleware.php, line 62
Cake\Http\Runner::__invoke() - CORE/src/Http/Runner.php, line 65
Cake\Routing\Middleware\AssetMiddleware::__invoke() - CORE/src/Routing/Middleware/AssetMiddleware.php, line 88
Cake\Http\Runner::__invoke() - CORE/src/Http/Runner.php, line 65
Cake\Error\Middleware\ErrorHandlerMiddleware::__invoke() - CORE/src/Error/Middleware/ErrorHandlerMiddleware.php, line 81
Cake\Http\Runner::__invoke() - CORE/src/Http/Runner.php, line 65
Cake\Http\Runner::run() - CORE/src/Http/Runner.php, line 51
Cake\Http\Server::run() - CORE/src/Http/Server.php, line 92
[main] - ROOT/webroot/index.php, line 37



2017-02-15 11:13:21 Notice: Notice (8): Trying to get property of non-object in [/var/www/html/project/src/Template/Buildings/index.ctp, line 25]
Request URL: /buildings
Referer URL: http://178.62.44.213/users
Client IP: 194.66.78.125
Trace:
Cake\Error\BaseErrorHandler::handleError() - CORE/src/Error/BaseErrorHandler.php, line 146
include - APP/Template/Buildings/index.ctp, line 25
Cake\View\View::_evaluate() - CORE/src/View/View.php, line 1012
Cake\View\View::_render() - CORE/src/View/View.php, line 971
Cake\View\View::render() - CORE/src/View/View.php, line 595
Cake\Controller\Controller::render() - CORE/src/Controller/Controller.php, line 617
Crud\Controller\Component\CrudComponent::execute() - ROOT/vendor/friendsofcake/crud/src/Controller/Component/CrudComponent.php, line 246
App\Controller\BuildingsController::index() - APP/Controller/BuildingsController.php, line 21
App\Controller\AppController::invokeAction() - ROOT/vendor/friendsofcake/crud/src/Controller/ControllerTrait.php, line 51
Cake\Http\ActionDispatcher::_invoke() - CORE/src/Http/ActionDispatcher.php, line 122
Cake\Http\ActionDispatcher::dispatch() - CORE/src/Http/ActionDispatcher.php, line 96
Cake\Http\BaseApplication::__invoke() - CORE/src/Http/BaseApplication.php, line 83
Cake\Http\Runner::__invoke() - CORE/src/Http/Runner.php, line 65
Cake\Routing\Middleware\RoutingMiddleware::__invoke() - CORE/src/Routing/Middleware/RoutingMiddleware.php, line 62
Cake\Http\Runner::__invoke() - CORE/src/Http/Runner.php, line 65
Cake\Routing\Middleware\AssetMiddleware::__invoke() - CORE/src/Routing/Middleware/AssetMiddleware.php, line 88
Cake\Http\Runner::__invoke() - CORE/src/Http/Runner.php, line 65
Cake\Error\Middleware\ErrorHandlerMiddleware::__invoke() - CORE/src/Error/Middleware/ErrorHandlerMiddleware.php, line 81
Cake\Http\Runner::__invoke() - CORE/src/Http/Runner.php, line 65
Cake\Http\Runner::run() - CORE/src/Http/Runner.php, line 51
Cake\Http\Server::run() - CORE/src/Http/Server.php, line 92
[main] - ROOT/webroot/index.php, line 37



2017-02-15 11:13:44 Notice: Notice (8): Array to string conversion in [/var/www/html/project/src/Template/Buildings/index.ctp, line 25]
Request URL: /buildings
Referer URL: http://178.62.44.213/users
Client IP: 194.66.78.125
Trace:
Cake\Error\BaseErrorHandler::handleError() - CORE/src/Error/BaseErrorHandler.php, line 146
include - APP/Template/Buildings/index.ctp, line 25
Cake\View\View::_evaluate() - CORE/src/View/View.php, line 1012
Cake\View\View::_render() - CORE/src/View/View.php, line 971
Cake\View\View::render() - CORE/src/View/View.php, line 595
Cake\Controller\Controller::render() - CORE/src/Controller/Controller.php, line 617
Crud\Controller\Component\CrudComponent::execute() - ROOT/vendor/friendsofcake/crud/src/Controller/Component/CrudComponent.php, line 246
App\Controller\BuildingsController::index() - APP/Controller/BuildingsController.php, line 21
App\Controller\AppController::invokeAction() - ROOT/vendor/friendsofcake/crud/src/Controller/ControllerTrait.php, line 51
Cake\Http\ActionDispatcher::_invoke() - CORE/src/Http/ActionDispatcher.php, line 122
Cake\Http\ActionDispatcher::dispatch() - CORE/src/Http/ActionDispatcher.php, line 96
Cake\Http\BaseApplication::__invoke() - CORE/src/Http/BaseApplication.php, line 83
Cake\Http\Runner::__invoke() - CORE/src/Http/Runner.php, line 65
Cake\Routing\Middleware\RoutingMiddleware::__invoke() - CORE/src/Routing/Middleware/RoutingMiddleware.php, line 62
Cake\Http\Runner::__invoke() - CORE/src/Http/Runner.php, line 65
Cake\Routing\Middleware\AssetMiddleware::__invoke() - CORE/src/Routing/Middleware/AssetMiddleware.php, line 88
Cake\Http\Runner::__invoke() - CORE/src/Http/Runner.php, line 65
Cake\Error\Middleware\ErrorHandlerMiddleware::__invoke() - CORE/src/Error/Middleware/ErrorHandlerMiddleware.php, line 81
Cake\Http\Runner::__invoke() - CORE/src/Http/Runner.php, line 65
Cake\Http\Runner::run() - CORE/src/Http/Runner.php, line 51
Cake\Http\Server::run() - CORE/src/Http/Server.php, line 92
[main] - ROOT/webroot/index.php, line 37



2017-02-15 11:14:26 Notice: Notice (8): Undefined variable: buildings in [/var/www/html/project/src/Template/Users/edit.ctp, line 20]
Request URL: /users/edit/450
Referer URL: http://178.62.44.213/buildings/view/1
Client IP: 194.66.78.125
Trace:
Cake\Error\BaseErrorHandler::handleError() - CORE/src/Error/BaseErrorHandler.php, line 146
include - APP/Template/Users/edit.ctp, line 20
Cake\View\View::_evaluate() - CORE/src/View/View.php, line 1012
Cake\View\View::_render() - CORE/src/View/View.php, line 971
Cake\View\View::render() - CORE/src/View/View.php, line 595
Cake\Controller\Controller::render() - CORE/src/Controller/Controller.php, line 617
Crud\Controller\Component\CrudComponent::execute() - ROOT/vendor/friendsofcake/crud/src/Controller/Component/CrudComponent.php, line 246
App\Controller\AppController::invokeAction() - ROOT/vendor/friendsofcake/crud/src/Controller/ControllerTrait.php, line 56
Cake\Http\ActionDispatcher::_invoke() - CORE/src/Http/ActionDispatcher.php, line 122
Cake\Http\ActionDispatcher::dispatch() - CORE/src/Http/ActionDispatcher.php, line 96
Cake\Http\BaseApplication::__invoke() - CORE/src/Http/BaseApplication.php, line 83
Cake\Http\Runner::__invoke() - CORE/src/Http/Runner.php, line 65
Cake\Routing\Middleware\RoutingMiddleware::__invoke() - CORE/src/Routing/Middleware/RoutingMiddleware.php, line 62
Cake\Http\Runner::__invoke() - CORE/src/Http/Runner.php, line 65
Cake\Routing\Middleware\AssetMiddleware::__invoke() - CORE/src/Routing/Middleware/AssetMiddleware.php, line 88
Cake\Http\Runner::__invoke() - CORE/src/Http/Runner.php, line 65
Cake\Error\Middleware\ErrorHandlerMiddleware::__invoke() - CORE/src/Error/Middleware/ErrorHandlerMiddleware.php, line 81
Cake\Http\Runner::__invoke() - CORE/src/Http/Runner.php, line 65
Cake\Http\Runner::run() - CORE/src/Http/Runner.php, line 51
Cake\Http\Server::run() - CORE/src/Http/Server.php, line 92
[main] - ROOT/webroot/index.php, line 37



